<?xml version="1.0" encoding="UTF-8"?>
<testsuites>
  <testsuite name="" tests="2" assertions="2" errors="0" warnings="0" failures="0" skipped="0" time="0.002598">
    <testsuite name="Chuck Norris Test Suite" tests="2" assertions="2" errors="0" warnings="0" failures="0" skipped="0" time="0.002598">
      <testsuite name="JokesFactoryTest" file="/Users/jacques/projects/beyondcode/chuck-norris-jokes/tests/JokesFactoryTest.php" tests="2" assertions="2" errors="0" warnings="0" failures="0" skipped="0" time="0.002598">
        <testcase name="itReturnsARandomJoke" class="JokesFactoryTest" classname="JokesFactoryTest" file="/Users/jacques/projects/beyondcode/chuck-norris-jokes/tests/JokesFactoryTest.php" line="9" assertions="1" time="0.002242"/>
        <testcase name="itReturnsAPredefinedJoke" class="JokesFactoryTest" classname="JokesFactoryTest" file="/Users/jacques/projects/beyondcode/chuck-norris-jokes/tests/JokesFactoryTest.php" line="21" assertions="1" time="0.000356"/>
      </testsuite>
    </testsuite>
  </testsuite>
</testsuites>
